app/manifest-merger-release-report.txt
-- Merging decision tree log ---
manifest
ADDED from AndroidManifest.xml:1:1
	package
		ADDED from AndroidManifest.xml:2:5
		INJECTED from AndroidManifest.xml:0:0
		INJECTED from AndroidManifest.xml:0:0
	android:versionName
		INJECTED from AndroidManifest.xml:0:0
		INJECTED from AndroidManifest.xml:0:0
	xmlns:android
		ADDED from AndroidManifest.xml:1:11
	android:versionCode
		INJECTED from AndroidManifest.xml:0:0
		INJECTED from AndroidManifest.xml:0:0
uses-feature#android.software.live_wallpaper
ADDED from AndroidManifest.xml:4:5
	android:required
		ADDED from AndroidManifest.xml:6:9
	android:name
		ADDED from AndroidManifest.xml:5:9
application
ADDED from AndroidManifest.xml:9:5
MERGED from com.android.support:appcompat-v7:21.0.3:16:5
MERGED from com.android.support:support-v4:21.0.3:16:5
	android:label
		ADDED from AndroidManifest.xml:9:45
	android:allowBackup
		ADDED from AndroidManifest.xml:9:18
	android:icon
		ADDED from AndroidManifest.xml:10:9
service#com.stu.feisuo.walldemo.Wallpaper
ADDED from AndroidManifest.xml:12:9
	android:enabled
		ADDED from AndroidManifest.xml:14:13
	android:label
		ADDED from AndroidManifest.xml:15:13
	android:permission
		ADDED from AndroidManifest.xml:16:13
	android:name
		ADDED from AndroidManifest.xml:13:13
intent-filter#android.service.wallpaper.WallpaperService
ADDED from AndroidManifest.xml:17:13
action#android.service.wallpaper.WallpaperService
ADDED from AndroidManifest.xml:18:17
	android:name
		ADDED from AndroidManifest.xml:18:25
meta-data#android.service.wallpaper
ADDED from AndroidManifest.xml:22:13
	android:resource
		ADDED from AndroidManifest.xml:24:17
	android:name
		ADDED from AndroidManifest.xml:23:17
uses-sdk
INJECTED from AndroidManifest.xml:0:0 reason: use-sdk injection requested
MERGED from com.android.support:appcompat-v7:21.0.3:15:5
MERGED from com.android.support:support-v4:21.0.3:15:5
	android:targetSdkVersion
		INJECTED from AndroidManifest.xml:0:0
		INJECTED from AndroidManifest.xml:0:0
	android:minSdkVersion
		INJECTED from AndroidManifest.xml:0:0
		INJECTED from AndroidManifest.xml:0:0